<?xml version="1.0" encoding="UTF-8"?>
<!-- Generated by org.testng.reporters.JUnitReportReporter -->
<testsuite hostname="Emilianos-Mac-mini.local" failures="0" tests="1" name="Academy.ValidateNavigationBar" time="0.136" errors="0" timestamp="2020-05-25T15:03:18 UYT" skipped="0">
  <testcase classname="Academy.ValidateNavigationBar" name="basePageNavigation" time="0.136"/>
  <system-out/>
</testsuite> <!-- Academy.ValidateNavigationBar -->
