<?xml version="1.0" encoding="UTF-8"?>
<!-- Generated by org.testng.reporters.JUnitReportReporter -->
<testsuite hostname="Emilianos-Mac-mini.local" failures="0" tests="2" name="Academy.HomePage" time="24.226" errors="0" timestamp="2020-05-20T17:15:08 UYT" skipped="0">
  <testcase classname="Academy.HomePage" name="basePageNavigation" time="8.264"/>
  <system-out/>
  <testcase classname="Academy.HomePage" name="basePageNavigation" time="15.962"/>
  <system-out/>
</testsuite> <!-- Academy.HomePage -->
