<?xml version="1.0" encoding="UTF-8"?>
<!-- Generated by org.testng.reporters.JUnitReportReporter -->
<testsuite hostname="Emilianos-Mac-mini.local" failures="0" tests="1" name="Academy.AppTest" time="0.010" errors="0" timestamp="2020-05-18T16:29:08 UYT" skipped="0">
  <testcase classname="Academy.AppTest" name="shouldAnswerWithTrue" time="0.010"/>
  <system-out/>
</testsuite> <!-- Academy.AppTest -->
