<?xml version="1.0" encoding="UTF-8"?>
<!-- Generated by org.testng.reporters.JUnitReportReporter -->
<testsuite hostname="Emilianos-Mac-mini.local" failures="0" tests="2" name="Academy.HomePage" time="49.248" errors="0" timestamp="2020-05-25T15:03:18 UYT" skipped="0">
  <testcase classname="Academy.HomePage" name="basePageNavigation" time="15.150"/>
  <system-out/>
  <testcase classname="Academy.HomePage" name="basePageNavigation" time="34.098"/>
  <system-out/>
</testsuite> <!-- Academy.HomePage -->
