<?xml version="1.0" encoding="UTF-8"?>
<!-- Generated by org.testng.reporters.JUnitReportReporter -->
<testsuite hostname="Emilianos-Mac-mini.local" failures="0" tests="2" name="Academy.HomePage" time="25.563" errors="0" timestamp="2020-05-19T18:06:27 UYT" skipped="0">
  <testcase classname="Academy.HomePage" name="basePageNavigation" time="8.520"/>
  <system-out/>
  <testcase classname="Academy.HomePage" name="basePageNavigation" time="17.043"/>
  <system-out/>
</testsuite> <!-- Academy.HomePage -->
