<?xml version="1.0" encoding="UTF-8"?>
<!-- Generated by org.testng.reporters.JUnitReportReporter -->
<testsuite hostname="Emilianos-Mac-mini.local" failures="0" tests="1" name="Academy.ValidateTitle" time="0.034" errors="0" timestamp="2020-05-19T18:06:27 UYT" skipped="0">
  <testcase classname="Academy.ValidateTitle" name="basePageNavigation" time="0.034"/>
  <system-out/>
</testsuite> <!-- Academy.ValidateTitle -->
